
> management@0.1.0 start
> react-scripts start

(node:4200) [DEP_WEBPACK_DEV_SERVER_ON_AFTER_SETUP_MIDDLEWARE] DeprecationWarning: 'onAfterSetupMiddleware' option is deprecated. Please use the 'setupMiddlewares' option.
(Use `node --trace-deprecation ...` to show where the warning was created)
(node:4200) [DEP_WEBPACK_DEV_SERVER_ON_BEFORE_SETUP_MIDDLEWARE] DeprecationWarning: 'onBeforeSetupMiddleware' option is deprecated. Please use the 'setupMiddlewares' option.
Starting the development server...

Compiled successfully!

You can now view management in the browser.

  http://localhost:3000

Note that the development build is not optimized.
To create a production build, use yarn build.

webpack compiled successfully
yarn run v1.22.19
$ react-scripts start
Something is already running on port 3000.
Done in 1.20s.
Compiling...
Compiled successfully!
webpack compiled successfully
Compiling...
Failed to compile.

[eslint] 
src/App.js
Syntax error: Adjacent JSX elements must be wrapped in an enclosing tag. Did you want a JSX fragment <>...</>? (15:4) (15:4)
ERROR in ./src/App.js
Module build failed (from ./node_modules/babel-loader/lib/index.js):
SyntaxError: /home/nanmoo/dev/React/management/src/App.js: Adjacent JSX elements must be wrapped in an enclosing tag. Did you want a JSX fragment <>...</>? (15:4)

  13 |     </div>
  14 |
> 15 |     <div id = "root"> 
     |     ^
  16 |
  17 |     </div>
  18 |   );
    at instantiate (/home/nanmoo/dev/React/management/node_modules/@babel/parser/lib/index.js:72:32)
    at constructor (/home/nanmoo/dev/React/management/node_modules/@babel/parser/lib/index.js:367:12)
    at FlowParserMixin.raise (/home/nanmoo/dev/React/management/node_modules/@babel/parser/lib/index.js:3706:19)
    at FlowParserMixin.jsxParseElementAt (/home/nanmoo/dev/React/management/node_modules/@babel/parser/lib/index.js:8172:18)
    at FlowParserMixin.jsxParseElement (/home/nanmoo/dev/React/management/node_modules/@babel/parser/lib/index.js:8184:17)
    at FlowParserMixin.parseExprAtom (/home/nanmoo/dev/React/management/node_modules/@babel/parser/lib/index.js:8198:19)
    at FlowParserMixin.parseExprSubscripts (/home/nanmoo/dev/React/management/node_modules/@babel/parser/lib/index.js:12875:23)
    at FlowParserMixin.parseUpdate (/home/nanmoo/dev/React/management/node_modules/@babel/parser/lib/index.js:12854:21)
    at FlowParserMixin.parseMaybeUnary (/home/nanmoo/dev/React/management/node_modules/@babel/parser/lib/index.js:12824:23)
    at FlowParserMixin.parseMaybeUnaryOrPrivate (/home/nanmoo/dev/React/management/node_modules/@babel/parser/lib/index.js:12615:61)
    at FlowParserMixin.parseExprOps (/home/nanmoo/dev/React/management/node_modules/@babel/parser/lib/index.js:12622:23)
    at FlowParserMixin.parseMaybeConditional (/home/nanmoo/dev/React/management/node_modules/@babel/parser/lib/index.js:12592:23)
    at FlowParserMixin.parseMaybeAssign (/home/nanmoo/dev/React/management/node_modules/@babel/parser/lib/index.js:12544:21)
    at /home/nanmoo/dev/React/management/node_modules/@babel/parser/lib/index.js:6755:39
    at FlowParserMixin.tryParse (/home/nanmoo/dev/React/management/node_modules/@babel/parser/lib/index.js:4166:20)
    at FlowParserMixin.parseMaybeAssign (/home/nanmoo/dev/React/management/node_modules/@babel/parser/lib/index.js:6755:18)
    at /home/nanmoo/dev/React/management/node_modules/@babel/parser/lib/index.js:12502:39
    at FlowParserMixin.allowInAnd (/home/nanmoo/dev/React/management/node_modules/@babel/parser/lib/index.js:14576:12)
    at FlowParserMixin.parseMaybeAssignAllowIn (/home/nanmoo/dev/React/management/node_modules/@babel/parser/lib/index.js:12502:17)
    at FlowParserMixin.parseParenAndDistinguishExpression (/home/nanmoo/dev/React/management/node_modules/@babel/parser/lib/index.js:13631:28)
    at FlowParserMixin.parseParenAndDistinguishExpression (/home/nanmoo/dev/React/management/node_modules/@babel/parser/lib/index.js:6873:18)
    at FlowParserMixin.parseExprAtom (/home/nanmoo/dev/React/management/node_modules/@babel/parser/lib/index.js:13203:23)
    at FlowParserMixin.parseExprAtom (/home/nanmoo/dev/React/management/node_modules/@babel/parser/lib/index.js:8203:20)
    at FlowParserMixin.parseExprSubscripts (/home/nanmoo/dev/React/management/node_modules/@babel/parser/lib/index.js:12875:23)
    at FlowParserMixin.parseUpdate (/home/nanmoo/dev/React/management/node_modules/@babel/parser/lib/index.js:12854:21)
    at FlowParserMixin.parseMaybeUnary (/home/nanmoo/dev/React/management/node_modules/@babel/parser/lib/index.js:12824:23)
    at FlowParserMixin.parseMaybeUnaryOrPrivate (/home/nanmoo/dev/React/management/node_modules/@babel/parser/lib/index.js:12615:61)
    at FlowParserMixin.parseExprOps (/home/nanmoo/dev/React/management/node_modules/@babel/parser/lib/index.js:12622:23)
    at FlowParserMixin.parseMaybeConditional (/home/nanmoo/dev/React/management/node_modules/@babel/parser/lib/index.js:12592:23)
    at FlowParserMixin.parseMaybeAssign (/home/nanmoo/dev/React/management/node_modules/@babel/parser/lib/index.js:12544:21)
    at FlowParserMixin.parseMaybeAssign (/home/nanmoo/dev/React/management/node_modules/@babel/parser/lib/index.js:6821:18)
    at FlowParserMixin.parseExpressionBase (/home/nanmoo/dev/React/management/node_modules/@babel/parser/lib/index.js:12480:23)
    at /home/nanmoo/dev/React/management/node_modules/@babel/parser/lib/index.js:12474:39
    at FlowParserMixin.allowInAnd (/home/nanmoo/dev/React/management/node_modules/@babel/parser/lib/index.js:14570:16)
    at FlowParserMixin.parseExpression (/home/nanmoo/dev/React/management/node_modules/@babel/parser/lib/index.js:12474:17)
    at FlowParserMixin.parseReturnStatement (/home/nanmoo/dev/React/management/node_modules/@babel/parser/lib/index.js:15302:28)
    at FlowParserMixin.parseStatementContent (/home/nanmoo/dev/React/management/node_modules/@babel/parser/lib/index.js:14925:21)
    at FlowParserMixin.parseStatement (/home/nanmoo/dev/React/management/node_modules/@babel/parser/lib/index.js:14871:17)
    at FlowParserMixin.parseStatement (/home/nanmoo/dev/React/management/node_modules/@babel/parser/lib/index.js:5980:24)
    at FlowParserMixin.parseBlockOrModuleBlockBody (/home/nanmoo/dev/React/management/node_modules/@babel/parser/lib/index.js:15531:25)
    at FlowParserMixin.parseBlockBody (/home/nanmoo/dev/React/management/node_modules/@babel/parser/lib/index.js:15522:10)
    at FlowParserMixin.parseBlock (/home/nanmoo/dev/React/management/node_modules/@babel/parser/lib/index.js:15505:10)
    at FlowParserMixin.parseFunctionBody (/home/nanmoo/dev/React/management/node_modules/@babel/parser/lib/index.js:14175:24)
    at FlowParserMixin.parseFunctionBody (/home/nanmoo/dev/React/management/node_modules/@babel/parser/lib/index.js:5952:18)
    at FlowParserMixin.parseFunctionBodyAndFinish (/home/nanmoo/dev/React/management/node_modules/@babel/parser/lib/index.js:14159:10)
    at FlowParserMixin.parseFunctionBodyAndFinish (/home/nanmoo/dev/React/management/node_modules/@babel/parser/lib/index.js:5962:18)
    at /home/nanmoo/dev/React/management/node_modules/@babel/parser/lib/index.js:15679:12
    at FlowParserMixin.withSmartMixTopicForbiddingContext (/home/nanmoo/dev/React/management/node_modules/@babel/parser/lib/index.js:14547:14)
    at FlowParserMixin.parseFunction (/home/nanmoo/dev/React/management/node_modules/@babel/parser/lib/index.js:15678:10)
    at FlowParserMixin.parseFunctionStatement (/home/nanmoo/dev/React/management/node_modules/@babel/parser/lib/index.js:15279:17)

ERROR in [eslint] 
src/App.js
  Line 15:4:  Parsing error: Adjacent JSX elements must be wrapped in an enclosing tag. Did you want a JSX fragment <>...</>? (15:4)

webpack compiled with 2 errors
Compiling...
Failed to compile.

[eslint] 
src/App.js
Syntax error: Adjacent JSX elements must be wrapped in an enclosing tag. Did you want a JSX fragment <>...</>? (15:4) (15:4)
ERROR in ./src/App.js
Module build failed (from ./node_modules/babel-loader/lib/index.js):
SyntaxError: /home/nanmoo/dev/React/management/src/App.js: Adjacent JSX elements must be wrapped in an enclosing tag. Did you want a JSX fragment <>...</>? (15:4)

  13 |     </div>
  14 |
> 15 |     <div id = "root"> 
     |     ^
  16 |
  17 |     </div>
  18 |   );
    at instantiate (/home/nanmoo/dev/React/management/node_modules/@babel/parser/lib/index.js:72:32)
    at constructor (/home/nanmoo/dev/React/management/node_modules/@babel/parser/lib/index.js:367:12)
    at FlowParserMixin.raise (/home/nanmoo/dev/React/management/node_modules/@babel/parser/lib/index.js:3706:19)
    at FlowParserMixin.jsxParseElementAt (/home/nanmoo/dev/React/management/node_modules/@babel/parser/lib/index.js:8172:18)
    at FlowParserMixin.jsxParseElement (/home/nanmoo/dev/React/management/node_modules/@babel/parser/lib/index.js:8184:17)
    at FlowParserMixin.parseExprAtom (/home/nanmoo/dev/React/management/node_modules/@babel/parser/lib/index.js:8198:19)
    at FlowParserMixin.parseExprSubscripts (/home/nanmoo/dev/React/management/node_modules/@babel/parser/lib/index.js:12875:23)
    at FlowParserMixin.parseUpdate (/home/nanmoo/dev/React/management/node_modules/@babel/parser/lib/index.js:12854:21)
    at FlowParserMixin.parseMaybeUnary (/home/nanmoo/dev/React/management/node_modules/@babel/parser/lib/index.js:12824:23)
    at FlowParserMixin.parseMaybeUnaryOrPrivate (/home/nanmoo/dev/React/management/node_modules/@babel/parser/lib/index.js:12615:61)
    at FlowParserMixin.parseExprOps (/home/nanmoo/dev/React/management/node_modules/@babel/parser/lib/index.js:12622:23)
    at FlowParserMixin.parseMaybeConditional (/home/nanmoo/dev/React/management/node_modules/@babel/parser/lib/index.js:12592:23)
    at FlowParserMixin.parseMaybeAssign (/home/nanmoo/dev/React/management/node_modules/@babel/parser/lib/index.js:12544:21)
    at /home/nanmoo/dev/React/management/node_modules/@babel/parser/lib/index.js:6755:39
    at FlowParserMixin.tryParse (/home/nanmoo/dev/React/management/node_modules/@babel/parser/lib/index.js:4166:20)
    at FlowParserMixin.parseMaybeAssign (/home/nanmoo/dev/React/management/node_modules/@babel/parser/lib/index.js:6755:18)
    at /home/nanmoo/dev/React/management/node_modules/@babel/parser/lib/index.js:12502:39
    at FlowParserMixin.allowInAnd (/home/nanmoo/dev/React/management/node_modules/@babel/parser/lib/index.js:14576:12)
    at FlowParserMixin.parseMaybeAssignAllowIn (/home/nanmoo/dev/React/management/node_modules/@babel/parser/lib/index.js:12502:17)
    at FlowParserMixin.parseParenAndDistinguishExpression (/home/nanmoo/dev/React/management/node_modules/@babel/parser/lib/index.js:13631:28)
    at FlowParserMixin.parseParenAndDistinguishExpression (/home/nanmoo/dev/React/management/node_modules/@babel/parser/lib/index.js:6873:18)
    at FlowParserMixin.parseExprAtom (/home/nanmoo/dev/React/management/node_modules/@babel/parser/lib/index.js:13203:23)
    at FlowParserMixin.parseExprAtom (/home/nanmoo/dev/React/management/node_modules/@babel/parser/lib/index.js:8203:20)
    at FlowParserMixin.parseExprSubscripts (/home/nanmoo/dev/React/management/node_modules/@babel/parser/lib/index.js:12875:23)
    at FlowParserMixin.parseUpdate (/home/nanmoo/dev/React/management/node_modules/@babel/parser/lib/index.js:12854:21)
    at FlowParserMixin.parseMaybeUnary (/home/nanmoo/dev/React/management/node_modules/@babel/parser/lib/index.js:12824:23)
    at FlowParserMixin.parseMaybeUnaryOrPrivate (/home/nanmoo/dev/React/management/node_modules/@babel/parser/lib/index.js:12615:61)
    at FlowParserMixin.parseExprOps (/home/nanmoo/dev/React/management/node_modules/@babel/parser/lib/index.js:12622:23)
    at FlowParserMixin.parseMaybeConditional (/home/nanmoo/dev/React/management/node_modules/@babel/parser/lib/index.js:12592:23)
    at FlowParserMixin.parseMaybeAssign (/home/nanmoo/dev/React/management/node_modules/@babel/parser/lib/index.js:12544:21)
    at FlowParserMixin.parseMaybeAssign (/home/nanmoo/dev/React/management/node_modules/@babel/parser/lib/index.js:6821:18)
    at FlowParserMixin.parseExpressionBase (/home/nanmoo/dev/React/management/node_modules/@babel/parser/lib/index.js:12480:23)
    at /home/nanmoo/dev/React/management/node_modules/@babel/parser/lib/index.js:12474:39
    at FlowParserMixin.allowInAnd (/home/nanmoo/dev/React/management/node_modules/@babel/parser/lib/index.js:14570:16)
    at FlowParserMixin.parseExpression (/home/nanmoo/dev/React/management/node_modules/@babel/parser/lib/index.js:12474:17)
    at FlowParserMixin.parseReturnStatement (/home/nanmoo/dev/React/management/node_modules/@babel/parser/lib/index.js:15302:28)
    at FlowParserMixin.parseStatementContent (/home/nanmoo/dev/React/management/node_modules/@babel/parser/lib/index.js:14925:21)
    at FlowParserMixin.parseStatement (/home/nanmoo/dev/React/management/node_modules/@babel/parser/lib/index.js:14871:17)
    at FlowParserMixin.parseStatement (/home/nanmoo/dev/React/management/node_modules/@babel/parser/lib/index.js:5980:24)
    at FlowParserMixin.parseBlockOrModuleBlockBody (/home/nanmoo/dev/React/management/node_modules/@babel/parser/lib/index.js:15531:25)
    at FlowParserMixin.parseBlockBody (/home/nanmoo/dev/React/management/node_modules/@babel/parser/lib/index.js:15522:10)
    at FlowParserMixin.parseBlock (/home/nanmoo/dev/React/management/node_modules/@babel/parser/lib/index.js:15505:10)
    at FlowParserMixin.parseFunctionBody (/home/nanmoo/dev/React/management/node_modules/@babel/parser/lib/index.js:14175:24)
    at FlowParserMixin.parseFunctionBody (/home/nanmoo/dev/React/management/node_modules/@babel/parser/lib/index.js:5952:18)
    at FlowParserMixin.parseFunctionBodyAndFinish (/home/nanmoo/dev/React/management/node_modules/@babel/parser/lib/index.js:14159:10)
    at FlowParserMixin.parseFunctionBodyAndFinish (/home/nanmoo/dev/React/management/node_modules/@babel/parser/lib/index.js:5962:18)
    at /home/nanmoo/dev/React/management/node_modules/@babel/parser/lib/index.js:15679:12
    at FlowParserMixin.withSmartMixTopicForbiddingContext (/home/nanmoo/dev/React/management/node_modules/@babel/parser/lib/index.js:14547:14)
    at FlowParserMixin.parseFunction (/home/nanmoo/dev/React/management/node_modules/@babel/parser/lib/index.js:15678:10)
    at FlowParserMixin.parseFunctionStatement (/home/nanmoo/dev/React/management/node_modules/@babel/parser/lib/index.js:15279:17)

ERROR in [eslint] 
src/App.js
  Line 15:4:  Parsing error: Adjacent JSX elements must be wrapped in an enclosing tag. Did you want a JSX fragment <>...</>? (15:4)

webpack compiled with 2 errors
Compiling...
Compiled with warnings.

[eslint] 
src/App.js
  Line 17:3:  Unreachable code  no-unreachable

Search for the keywords to learn more about each warning.
To ignore, add // eslint-disable-next-line to the line before.

WARNING in [eslint] 
src/App.js
  Line 17:3:  Unreachable code  no-unreachable

webpack compiled with 1 warning
Compiling...
Compiled with warnings.

[eslint] 
src/App.js
  Line 17:3:  Unreachable code  no-unreachable

Search for the keywords to learn more about each warning.
To ignore, add // eslint-disable-next-line to the line before.

WARNING in [eslint] 
src/App.js
  Line 17:3:  Unreachable code  no-unreachable

webpack compiled with 1 warning
Compiling...
Compiled with warnings.

[eslint] 
src/App.js
  Line 17:3:  Unreachable code  no-unreachable

Search for the keywords to learn more about each warning.
To ignore, add // eslint-disable-next-line to the line before.

WARNING in [eslint] 
src/App.js
  Line 17:3:  Unreachable code  no-unreachable

webpack compiled with 1 warning
Compiling...
Compiled with warnings.

[eslint] 
src/App.js
  Line 17:3:  Unreachable code  no-unreachable

Search for the keywords to learn more about each warning.
To ignore, add // eslint-disable-next-line to the line before.

WARNING in [eslint] 
src/App.js
  Line 17:3:  Unreachable code  no-unreachable

webpack compiled with 1 warning
Compiling...
Compiled successfully!
webpack compiled successfully
Compiling...
Compiled successfully!
webpack compiled successfully
Compiling...
Compiled successfully!
webpack compiled successfully
Compiling...
Compiled successfully!
webpack compiled successfully
Compiling...
Compiled successfully!
webpack compiled successfully
Compiling...
Compiled with warnings.

[eslint] 
src/App.js
  Line 1:8:  'logo' is defined but never used  no-unused-vars

Search for the keywords to learn more about each warning.
To ignore, add // eslint-disable-next-line to the line before.

WARNING in [eslint] 
src/App.js
  Line 1:8:  'logo' is defined but never used  no-unused-vars

webpack compiled with 1 warning
Compiling...
Compiled with warnings.

[eslint] 
src/App.js
  Line 7:7:  img elements must have an alt prop, either with meaningful text, or an empty string for decorative images  jsx-a11y/alt-text

Search for the keywords to learn more about each warning.
To ignore, add // eslint-disable-next-line to the line before.

WARNING in [eslint] 
src/App.js
  Line 7:7:  img elements must have an alt prop, either with meaningful text, or an empty string for decorative images  jsx-a11y/alt-text

webpack compiled with 1 warning
Compiling...
Compiled with warnings.

[eslint] 
src/App.js
  Line 7:7:  img elements must have an alt prop, either with meaningful text, or an empty string for decorative images  jsx-a11y/alt-text

Search for the keywords to learn more about each warning.
To ignore, add // eslint-disable-next-line to the line before.

WARNING in [eslint] 
src/App.js
  Line 7:7:  img elements must have an alt prop, either with meaningful text, or an empty string for decorative images  jsx-a11y/alt-text

webpack compiled with 1 warning
Compiling...
Compiled with warnings.

[eslint] 
src/App.js
  Line 7:7:  img elements must have an alt prop, either with meaningful text, or an empty string for decorative images  jsx-a11y/alt-text

Search for the keywords to learn more about each warning.
To ignore, add // eslint-disable-next-line to the line before.

WARNING in [eslint] 
src/App.js
  Line 7:7:  img elements must have an alt prop, either with meaningful text, or an empty string for decorative images  jsx-a11y/alt-text

webpack compiled with 1 warning
Compiling...
Compiled with warnings.

[eslint] 
src/App.js
  Line 7:7:  img elements must have an alt prop, either with meaningful text, or an empty string for decorative images  jsx-a11y/alt-text

Search for the keywords to learn more about each warning.
To ignore, add // eslint-disable-next-line to the line before.

WARNING in [eslint] 
src/App.js
  Line 7:7:  img elements must have an alt prop, either with meaningful text, or an empty string for decorative images  jsx-a11y/alt-text

webpack compiled with 1 warning
Compiling...
Compiled with warnings.

[eslint] 
src/App.js
  Line 7:7:  img elements must have an alt prop, either with meaningful text, or an empty string for decorative images  jsx-a11y/alt-text

Search for the keywords to learn more about each warning.
To ignore, add // eslint-disable-next-line to the line before.

WARNING in [eslint] 
src/App.js
  Line 7:7:  img elements must have an alt prop, either with meaningful text, or an empty string for decorative images  jsx-a11y/alt-text

webpack compiled with 1 warning
